00:07:22.422 ERROR - Provided id of the wrong type for class com.metall_a.orders_manager.app.model.entity.order.Order. Expected: class java.lang.Long, got class java.lang.Integer
org.hibernate.TypeMismatchException: Provided id of the wrong type for class com.metall_a.orders_manager.app.model.entity.order.Order. Expected: class java.lang.Long, got class java.lang.Integer
	at org.hibernate.event.internal.DefaultLoadEventListener.checkIdClass(DefaultLoadEventListener.java:166) ~[hibernate-core-5.2.2.Final.jar:5.2.2.Final]
	at org.hibernate.event.internal.DefaultLoadEventListener.onLoad(DefaultLoadEventListener.java:86) ~[hibernate-core-5.2.2.Final.jar:5.2.2.Final]
	at org.hibernate.internal.SessionImpl.fireLoad(SessionImpl.java:1218) ~[hibernate-core-5.2.2.Final.jar:5.2.2.Final]
	at org.hibernate.internal.SessionImpl.access$1900(SessionImpl.java:203) ~[hibernate-core-5.2.2.Final.jar:5.2.2.Final]
	at org.hibernate.internal.SessionImpl$IdentifierLoadAccessImpl.doLoad(SessionImpl.java:2765) ~[hibernate-core-5.2.2.Final.jar:5.2.2.Final]
	at org.hibernate.internal.SessionImpl$IdentifierLoadAccessImpl.load(SessionImpl.java:2739) ~[hibernate-core-5.2.2.Final.jar:5.2.2.Final]
	at org.hibernate.internal.SessionImpl.get(SessionImpl.java:1054) ~[hibernate-core-5.2.2.Final.jar:5.2.2.Final]
	at com.metall_a.orders_manager.app.persistence.repository.hibernate.HibernateOrderRepository.findById(HibernateOrderRepository.java:33) ~[main/:?]
	at com.metall_a.orders_manager.app.service.impl.OrderServiceImpl.findOrderById(OrderServiceImpl.java:31) ~[main/:?]
	at com.metall_a.orders_manager.app.rest.service.OrderResource.findCityById(OrderResource.java:89) ~[main/:?]
	at sun.reflect.NativeMethodAccessorImpl.invoke0(Native Method) ~[?:1.8.0_102]
	at sun.reflect.NativeMethodAccessorImpl.invoke(NativeMethodAccessorImpl.java:62) ~[?:1.8.0_102]
	at sun.reflect.DelegatingMethodAccessorImpl.invoke(DelegatingMethodAccessorImpl.java:43) ~[?:1.8.0_102]
	at java.lang.reflect.Method.invoke(Method.java:498) ~[?:1.8.0_102]
	at org.glassfish.jersey.server.model.internal.ResourceMethodInvocationHandlerFactory$1.invoke(ResourceMethodInvocationHandlerFactory.java:81) ~[jersey-server-2.23.2.jar:?]
	at org.glassfish.jersey.server.model.internal.AbstractJavaResourceMethodDispatcher$1.run(AbstractJavaResourceMethodDispatcher.java:144) ~[jersey-server-2.23.2.jar:?]
	at org.glassfish.jersey.server.model.internal.AbstractJavaResourceMethodDispatcher.invoke(AbstractJavaResourceMethodDispatcher.java:161) ~[jersey-server-2.23.2.jar:?]
	at org.glassfish.jersey.server.model.internal.JavaResourceMethodDispatcherProvider$ResponseOutInvoker.doDispatch(JavaResourceMethodDispatcherProvider.java:160) ~[jersey-server-2.23.2.jar:?]
	at org.glassfish.jersey.server.model.internal.AbstractJavaResourceMethodDispatcher.dispatch(AbstractJavaResourceMethodDispatcher.java:99) ~[jersey-server-2.23.2.jar:?]
	at org.glassfish.jersey.server.model.ResourceMethodInvoker.invoke(ResourceMethodInvoker.java:389) ~[jersey-server-2.23.2.jar:?]
	at org.glassfish.jersey.server.model.ResourceMethodInvoker.apply(ResourceMethodInvoker.java:347) ~[jersey-server-2.23.2.jar:?]
	at org.glassfish.jersey.server.model.ResourceMethodInvoker.apply(ResourceMethodInvoker.java:102) ~[jersey-server-2.23.2.jar:?]
	at org.glassfish.jersey.server.ServerRuntime$2.run(ServerRuntime.java:326) [jersey-server-2.23.2.jar:?]
	at org.glassfish.jersey.internal.Errors$1.call(Errors.java:271) [jersey-common-2.23.2.jar:?]
	at org.glassfish.jersey.internal.Errors$1.call(Errors.java:267) [jersey-common-2.23.2.jar:?]
	at org.glassfish.jersey.internal.Errors.process(Errors.java:315) [jersey-common-2.23.2.jar:?]
	at org.glassfish.jersey.internal.Errors.process(Errors.java:297) [jersey-common-2.23.2.jar:?]
	at org.glassfish.jersey.internal.Errors.process(Errors.java:267) [jersey-common-2.23.2.jar:?]
	at org.glassfish.jersey.process.internal.RequestScope.runInScope(RequestScope.java:317) [jersey-common-2.23.2.jar:?]
	at org.glassfish.jersey.server.ServerRuntime.process(ServerRuntime.java:305) [jersey-server-2.23.2.jar:?]
	at org.glassfish.jersey.server.ApplicationHandler.handle(ApplicationHandler.java:1154) [jersey-server-2.23.2.jar:?]
	at org.glassfish.jersey.grizzly2.httpserver.GrizzlyHttpContainer.service(GrizzlyHttpContainer.java:384) [jersey-container-grizzly2-http-2.23.2.jar:?]
	at org.glassfish.grizzly.http.server.HttpHandler$1.run(HttpHandler.java:224) [grizzly-http-server-2.3.23.jar:2.3.23]
	at org.glassfish.grizzly.threadpool.AbstractThreadPool$Worker.doWork(AbstractThreadPool.java:591) [grizzly-framework-2.3.23.jar:2.3.23]
	at org.glassfish.grizzly.threadpool.AbstractThreadPool$Worker.run(AbstractThreadPool.java:571) [grizzly-framework-2.3.23.jar:2.3.23]
	at java.lang.Thread.run(Thread.java:745) [?:1.8.0_102]
00:07:22.630 ERROR - Provided id of the wrong type for class com.metall_a.orders_manager.app.model.entity.order.Order. Expected: class java.lang.Long, got class java.lang.Integer
org.hibernate.TypeMismatchException: Provided id of the wrong type for class com.metall_a.orders_manager.app.model.entity.order.Order. Expected: class java.lang.Long, got class java.lang.Integer
	at org.hibernate.event.internal.DefaultLoadEventListener.checkIdClass(DefaultLoadEventListener.java:166) ~[hibernate-core-5.2.2.Final.jar:5.2.2.Final]
	at org.hibernate.event.internal.DefaultLoadEventListener.onLoad(DefaultLoadEventListener.java:86) ~[hibernate-core-5.2.2.Final.jar:5.2.2.Final]
	at org.hibernate.internal.SessionImpl.fireLoad(SessionImpl.java:1218) ~[hibernate-core-5.2.2.Final.jar:5.2.2.Final]
	at org.hibernate.internal.SessionImpl.access$1900(SessionImpl.java:203) ~[hibernate-core-5.2.2.Final.jar:5.2.2.Final]
	at org.hibernate.internal.SessionImpl$IdentifierLoadAccessImpl.doLoad(SessionImpl.java:2765) ~[hibernate-core-5.2.2.Final.jar:5.2.2.Final]
	at org.hibernate.internal.SessionImpl$IdentifierLoadAccessImpl.load(SessionImpl.java:2739) ~[hibernate-core-5.2.2.Final.jar:5.2.2.Final]
	at org.hibernate.internal.SessionImpl.get(SessionImpl.java:1054) ~[hibernate-core-5.2.2.Final.jar:5.2.2.Final]
	at com.metall_a.orders_manager.app.persistence.repository.hibernate.HibernateOrderRepository.findById(HibernateOrderRepository.java:33) ~[main/:?]
	at com.metall_a.orders_manager.app.service.impl.OrderServiceImpl.findOrderById(OrderServiceImpl.java:31) ~[main/:?]
	at com.metall_a.orders_manager.app.rest.service.OrderResource.findCityById(OrderResource.java:89) ~[main/:?]
	at sun.reflect.NativeMethodAccessorImpl.invoke0(Native Method) ~[?:1.8.0_102]
	at sun.reflect.NativeMethodAccessorImpl.invoke(NativeMethodAccessorImpl.java:62) ~[?:1.8.0_102]
	at sun.reflect.DelegatingMethodAccessorImpl.invoke(DelegatingMethodAccessorImpl.java:43) ~[?:1.8.0_102]
	at java.lang.reflect.Method.invoke(Method.java:498) ~[?:1.8.0_102]
	at org.glassfish.jersey.server.model.internal.ResourceMethodInvocationHandlerFactory$1.invoke(ResourceMethodInvocationHandlerFactory.java:81) ~[jersey-server-2.23.2.jar:?]
	at org.glassfish.jersey.server.model.internal.AbstractJavaResourceMethodDispatcher$1.run(AbstractJavaResourceMethodDispatcher.java:144) ~[jersey-server-2.23.2.jar:?]
	at org.glassfish.jersey.server.model.internal.AbstractJavaResourceMethodDispatcher.invoke(AbstractJavaResourceMethodDispatcher.java:161) ~[jersey-server-2.23.2.jar:?]
	at org.glassfish.jersey.server.model.internal.JavaResourceMethodDispatcherProvider$ResponseOutInvoker.doDispatch(JavaResourceMethodDispatcherProvider.java:160) ~[jersey-server-2.23.2.jar:?]
	at org.glassfish.jersey.server.model.internal.AbstractJavaResourceMethodDispatcher.dispatch(AbstractJavaResourceMethodDispatcher.java:99) ~[jersey-server-2.23.2.jar:?]
	at org.glassfish.jersey.server.model.ResourceMethodInvoker.invoke(ResourceMethodInvoker.java:389) ~[jersey-server-2.23.2.jar:?]
	at org.glassfish.jersey.server.model.ResourceMethodInvoker.apply(ResourceMethodInvoker.java:347) ~[jersey-server-2.23.2.jar:?]
	at org.glassfish.jersey.server.model.ResourceMethodInvoker.apply(ResourceMethodInvoker.java:102) ~[jersey-server-2.23.2.jar:?]
	at org.glassfish.jersey.server.ServerRuntime$2.run(ServerRuntime.java:326) [jersey-server-2.23.2.jar:?]
	at org.glassfish.jersey.internal.Errors$1.call(Errors.java:271) [jersey-common-2.23.2.jar:?]
	at org.glassfish.jersey.internal.Errors$1.call(Errors.java:267) [jersey-common-2.23.2.jar:?]
	at org.glassfish.jersey.internal.Errors.process(Errors.java:315) [jersey-common-2.23.2.jar:?]
	at org.glassfish.jersey.internal.Errors.process(Errors.java:297) [jersey-common-2.23.2.jar:?]
	at org.glassfish.jersey.internal.Errors.process(Errors.java:267) [jersey-common-2.23.2.jar:?]
	at org.glassfish.jersey.process.internal.RequestScope.runInScope(RequestScope.java:317) [jersey-common-2.23.2.jar:?]
	at org.glassfish.jersey.server.ServerRuntime.process(ServerRuntime.java:305) [jersey-server-2.23.2.jar:?]
	at org.glassfish.jersey.server.ApplicationHandler.handle(ApplicationHandler.java:1154) [jersey-server-2.23.2.jar:?]
	at org.glassfish.jersey.grizzly2.httpserver.GrizzlyHttpContainer.service(GrizzlyHttpContainer.java:384) [jersey-container-grizzly2-http-2.23.2.jar:?]
	at org.glassfish.grizzly.http.server.HttpHandler$1.run(HttpHandler.java:224) [grizzly-http-server-2.3.23.jar:2.3.23]
	at org.glassfish.grizzly.threadpool.AbstractThreadPool$Worker.doWork(AbstractThreadPool.java:591) [grizzly-framework-2.3.23.jar:2.3.23]
	at org.glassfish.grizzly.threadpool.AbstractThreadPool$Worker.run(AbstractThreadPool.java:571) [grizzly-framework-2.3.23.jar:2.3.23]
	at java.lang.Thread.run(Thread.java:745) [?:1.8.0_102]
00:08:24.562 ERROR - Provided id of the wrong type for class com.metall_a.orders_manager.app.model.entity.order.Order. Expected: class java.lang.Long, got class java.lang.Integer
org.hibernate.TypeMismatchException: Provided id of the wrong type for class com.metall_a.orders_manager.app.model.entity.order.Order. Expected: class java.lang.Long, got class java.lang.Integer
	at org.hibernate.event.internal.DefaultLoadEventListener.checkIdClass(DefaultLoadEventListener.java:166) ~[hibernate-core-5.2.2.Final.jar:5.2.2.Final]
	at org.hibernate.event.internal.DefaultLoadEventListener.onLoad(DefaultLoadEventListener.java:86) ~[hibernate-core-5.2.2.Final.jar:5.2.2.Final]
	at org.hibernate.internal.SessionImpl.fireLoad(SessionImpl.java:1218) ~[hibernate-core-5.2.2.Final.jar:5.2.2.Final]
	at org.hibernate.internal.SessionImpl.access$1900(SessionImpl.java:203) ~[hibernate-core-5.2.2.Final.jar:5.2.2.Final]
	at org.hibernate.internal.SessionImpl$IdentifierLoadAccessImpl.doLoad(SessionImpl.java:2765) ~[hibernate-core-5.2.2.Final.jar:5.2.2.Final]
	at org.hibernate.internal.SessionImpl$IdentifierLoadAccessImpl.load(SessionImpl.java:2739) ~[hibernate-core-5.2.2.Final.jar:5.2.2.Final]
	at org.hibernate.internal.SessionImpl.get(SessionImpl.java:1054) ~[hibernate-core-5.2.2.Final.jar:5.2.2.Final]
	at com.metall_a.orders_manager.app.persistence.repository.hibernate.HibernateOrderRepository.findById(HibernateOrderRepository.java:33) ~[main/:?]
	at com.metall_a.orders_manager.app.service.impl.OrderServiceImpl.findOrderById(OrderServiceImpl.java:31) ~[main/:?]
	at com.metall_a.orders_manager.app.rest.service.OrderResource.findCityById(OrderResource.java:89) ~[main/:?]
	at sun.reflect.NativeMethodAccessorImpl.invoke0(Native Method) ~[?:1.8.0_102]
	at sun.reflect.NativeMethodAccessorImpl.invoke(NativeMethodAccessorImpl.java:62) ~[?:1.8.0_102]
	at sun.reflect.DelegatingMethodAccessorImpl.invoke(DelegatingMethodAccessorImpl.java:43) ~[?:1.8.0_102]
	at java.lang.reflect.Method.invoke(Method.java:498) ~[?:1.8.0_102]
	at org.glassfish.jersey.server.model.internal.ResourceMethodInvocationHandlerFactory$1.invoke(ResourceMethodInvocationHandlerFactory.java:81) ~[jersey-server-2.23.2.jar:?]
	at org.glassfish.jersey.server.model.internal.AbstractJavaResourceMethodDispatcher$1.run(AbstractJavaResourceMethodDispatcher.java:144) ~[jersey-server-2.23.2.jar:?]
	at org.glassfish.jersey.server.model.internal.AbstractJavaResourceMethodDispatcher.invoke(AbstractJavaResourceMethodDispatcher.java:161) ~[jersey-server-2.23.2.jar:?]
	at org.glassfish.jersey.server.model.internal.JavaResourceMethodDispatcherProvider$ResponseOutInvoker.doDispatch(JavaResourceMethodDispatcherProvider.java:160) ~[jersey-server-2.23.2.jar:?]
	at org.glassfish.jersey.server.model.internal.AbstractJavaResourceMethodDispatcher.dispatch(AbstractJavaResourceMethodDispatcher.java:99) ~[jersey-server-2.23.2.jar:?]
	at org.glassfish.jersey.server.model.ResourceMethodInvoker.invoke(ResourceMethodInvoker.java:389) ~[jersey-server-2.23.2.jar:?]
	at org.glassfish.jersey.server.model.ResourceMethodInvoker.apply(ResourceMethodInvoker.java:347) ~[jersey-server-2.23.2.jar:?]
	at org.glassfish.jersey.server.model.ResourceMethodInvoker.apply(ResourceMethodInvoker.java:102) ~[jersey-server-2.23.2.jar:?]
	at org.glassfish.jersey.server.ServerRuntime$2.run(ServerRuntime.java:326) [jersey-server-2.23.2.jar:?]
	at org.glassfish.jersey.internal.Errors$1.call(Errors.java:271) [jersey-common-2.23.2.jar:?]
	at org.glassfish.jersey.internal.Errors$1.call(Errors.java:267) [jersey-common-2.23.2.jar:?]
	at org.glassfish.jersey.internal.Errors.process(Errors.java:315) [jersey-common-2.23.2.jar:?]
	at org.glassfish.jersey.internal.Errors.process(Errors.java:297) [jersey-common-2.23.2.jar:?]
	at org.glassfish.jersey.internal.Errors.process(Errors.java:267) [jersey-common-2.23.2.jar:?]
	at org.glassfish.jersey.process.internal.RequestScope.runInScope(RequestScope.java:317) [jersey-common-2.23.2.jar:?]
	at org.glassfish.jersey.server.ServerRuntime.process(ServerRuntime.java:305) [jersey-server-2.23.2.jar:?]
	at org.glassfish.jersey.server.ApplicationHandler.handle(ApplicationHandler.java:1154) [jersey-server-2.23.2.jar:?]
	at org.glassfish.jersey.grizzly2.httpserver.GrizzlyHttpContainer.service(GrizzlyHttpContainer.java:384) [jersey-container-grizzly2-http-2.23.2.jar:?]
	at org.glassfish.grizzly.http.server.HttpHandler$1.run(HttpHandler.java:224) [grizzly-http-server-2.3.23.jar:2.3.23]
	at org.glassfish.grizzly.threadpool.AbstractThreadPool$Worker.doWork(AbstractThreadPool.java:591) [grizzly-framework-2.3.23.jar:2.3.23]
	at org.glassfish.grizzly.threadpool.AbstractThreadPool$Worker.run(AbstractThreadPool.java:571) [grizzly-framework-2.3.23.jar:2.3.23]
	at java.lang.Thread.run(Thread.java:745) [?:1.8.0_102]
00:09:18.116 ERROR - Provided id of the wrong type for class com.metall_a.orders_manager.app.model.entity.order.Order. Expected: class java.lang.Long, got class java.lang.Integer
org.hibernate.TypeMismatchException: Provided id of the wrong type for class com.metall_a.orders_manager.app.model.entity.order.Order. Expected: class java.lang.Long, got class java.lang.Integer
	at org.hibernate.event.internal.DefaultLoadEventListener.checkIdClass(DefaultLoadEventListener.java:166) ~[hibernate-core-5.2.2.Final.jar:5.2.2.Final]
	at org.hibernate.event.internal.DefaultLoadEventListener.onLoad(DefaultLoadEventListener.java:86) ~[hibernate-core-5.2.2.Final.jar:5.2.2.Final]
	at org.hibernate.internal.SessionImpl.fireLoad(SessionImpl.java:1218) ~[hibernate-core-5.2.2.Final.jar:5.2.2.Final]
	at org.hibernate.internal.SessionImpl.access$1900(SessionImpl.java:203) ~[hibernate-core-5.2.2.Final.jar:5.2.2.Final]
	at org.hibernate.internal.SessionImpl$IdentifierLoadAccessImpl.doLoad(SessionImpl.java:2765) ~[hibernate-core-5.2.2.Final.jar:5.2.2.Final]
	at org.hibernate.internal.SessionImpl$IdentifierLoadAccessImpl.load(SessionImpl.java:2739) ~[hibernate-core-5.2.2.Final.jar:5.2.2.Final]
	at org.hibernate.internal.SessionImpl.get(SessionImpl.java:1054) ~[hibernate-core-5.2.2.Final.jar:5.2.2.Final]
	at com.metall_a.orders_manager.app.persistence.repository.hibernate.HibernateOrderRepository.findById(HibernateOrderRepository.java:33) ~[main/:?]
	at com.metall_a.orders_manager.app.service.impl.OrderServiceImpl.findOrderById(OrderServiceImpl.java:31) ~[main/:?]
	at com.metall_a.orders_manager.app.rest.service.OrderResource.findCityById(OrderResource.java:89) ~[main/:?]
	at sun.reflect.NativeMethodAccessorImpl.invoke0(Native Method) ~[?:1.8.0_102]
	at sun.reflect.NativeMethodAccessorImpl.invoke(NativeMethodAccessorImpl.java:62) ~[?:1.8.0_102]
	at sun.reflect.DelegatingMethodAccessorImpl.invoke(DelegatingMethodAccessorImpl.java:43) ~[?:1.8.0_102]
	at java.lang.reflect.Method.invoke(Method.java:498) ~[?:1.8.0_102]
	at org.glassfish.jersey.server.model.internal.ResourceMethodInvocationHandlerFactory$1.invoke(ResourceMethodInvocationHandlerFactory.java:81) ~[jersey-server-2.23.2.jar:?]
	at org.glassfish.jersey.server.model.internal.AbstractJavaResourceMethodDispatcher$1.run(AbstractJavaResourceMethodDispatcher.java:144) ~[jersey-server-2.23.2.jar:?]
	at org.glassfish.jersey.server.model.internal.AbstractJavaResourceMethodDispatcher.invoke(AbstractJavaResourceMethodDispatcher.java:161) ~[jersey-server-2.23.2.jar:?]
	at org.glassfish.jersey.server.model.internal.JavaResourceMethodDispatcherProvider$ResponseOutInvoker.doDispatch(JavaResourceMethodDispatcherProvider.java:160) ~[jersey-server-2.23.2.jar:?]
	at org.glassfish.jersey.server.model.internal.AbstractJavaResourceMethodDispatcher.dispatch(AbstractJavaResourceMethodDispatcher.java:99) ~[jersey-server-2.23.2.jar:?]
	at org.glassfish.jersey.server.model.ResourceMethodInvoker.invoke(ResourceMethodInvoker.java:389) ~[jersey-server-2.23.2.jar:?]
	at org.glassfish.jersey.server.model.ResourceMethodInvoker.apply(ResourceMethodInvoker.java:347) ~[jersey-server-2.23.2.jar:?]
	at org.glassfish.jersey.server.model.ResourceMethodInvoker.apply(ResourceMethodInvoker.java:102) ~[jersey-server-2.23.2.jar:?]
	at org.glassfish.jersey.server.ServerRuntime$2.run(ServerRuntime.java:326) [jersey-server-2.23.2.jar:?]
	at org.glassfish.jersey.internal.Errors$1.call(Errors.java:271) [jersey-common-2.23.2.jar:?]
	at org.glassfish.jersey.internal.Errors$1.call(Errors.java:267) [jersey-common-2.23.2.jar:?]
	at org.glassfish.jersey.internal.Errors.process(Errors.java:315) [jersey-common-2.23.2.jar:?]
	at org.glassfish.jersey.internal.Errors.process(Errors.java:297) [jersey-common-2.23.2.jar:?]
	at org.glassfish.jersey.internal.Errors.process(Errors.java:267) [jersey-common-2.23.2.jar:?]
	at org.glassfish.jersey.process.internal.RequestScope.runInScope(RequestScope.java:317) [jersey-common-2.23.2.jar:?]
	at org.glassfish.jersey.server.ServerRuntime.process(ServerRuntime.java:305) [jersey-server-2.23.2.jar:?]
	at org.glassfish.jersey.server.ApplicationHandler.handle(ApplicationHandler.java:1154) [jersey-server-2.23.2.jar:?]
	at org.glassfish.jersey.grizzly2.httpserver.GrizzlyHttpContainer.service(GrizzlyHttpContainer.java:384) [jersey-container-grizzly2-http-2.23.2.jar:?]
	at org.glassfish.grizzly.http.server.HttpHandler$1.run(HttpHandler.java:224) [grizzly-http-server-2.3.23.jar:2.3.23]
	at org.glassfish.grizzly.threadpool.AbstractThreadPool$Worker.doWork(AbstractThreadPool.java:591) [grizzly-framework-2.3.23.jar:2.3.23]
	at org.glassfish.grizzly.threadpool.AbstractThreadPool$Worker.run(AbstractThreadPool.java:571) [grizzly-framework-2.3.23.jar:2.3.23]
	at java.lang.Thread.run(Thread.java:745) [?:1.8.0_102]
00:11:35.555 ERROR - Provided id of the wrong type for class com.metall_a.orders_manager.app.model.entity.order.Order. Expected: class java.lang.Long, got class java.lang.Integer
org.hibernate.TypeMismatchException: Provided id of the wrong type for class com.metall_a.orders_manager.app.model.entity.order.Order. Expected: class java.lang.Long, got class java.lang.Integer
	at org.hibernate.event.internal.DefaultLoadEventListener.checkIdClass(DefaultLoadEventListener.java:166) ~[hibernate-core-5.2.2.Final.jar:5.2.2.Final]
	at org.hibernate.event.internal.DefaultLoadEventListener.onLoad(DefaultLoadEventListener.java:86) ~[hibernate-core-5.2.2.Final.jar:5.2.2.Final]
	at org.hibernate.internal.SessionImpl.fireLoad(SessionImpl.java:1218) ~[hibernate-core-5.2.2.Final.jar:5.2.2.Final]
	at org.hibernate.internal.SessionImpl.access$1900(SessionImpl.java:203) ~[hibernate-core-5.2.2.Final.jar:5.2.2.Final]
	at org.hibernate.internal.SessionImpl$IdentifierLoadAccessImpl.doLoad(SessionImpl.java:2765) ~[hibernate-core-5.2.2.Final.jar:5.2.2.Final]
	at org.hibernate.internal.SessionImpl$IdentifierLoadAccessImpl.load(SessionImpl.java:2739) ~[hibernate-core-5.2.2.Final.jar:5.2.2.Final]
	at org.hibernate.internal.SessionImpl.get(SessionImpl.java:1054) ~[hibernate-core-5.2.2.Final.jar:5.2.2.Final]
	at com.metall_a.orders_manager.app.persistence.repository.hibernate.HibernateOrderRepository.findById(HibernateOrderRepository.java:33) ~[main/:?]
	at com.metall_a.orders_manager.app.service.impl.OrderServiceImpl.findOrderById(OrderServiceImpl.java:31) ~[main/:?]
	at com.metall_a.orders_manager.app.rest.service.OrderResource.findCityById(OrderResource.java:89) ~[main/:?]
	at sun.reflect.NativeMethodAccessorImpl.invoke0(Native Method) ~[?:1.8.0_102]
	at sun.reflect.NativeMethodAccessorImpl.invoke(NativeMethodAccessorImpl.java:62) ~[?:1.8.0_102]
	at sun.reflect.DelegatingMethodAccessorImpl.invoke(DelegatingMethodAccessorImpl.java:43) ~[?:1.8.0_102]
	at java.lang.reflect.Method.invoke(Method.java:498) ~[?:1.8.0_102]
	at org.glassfish.jersey.server.model.internal.ResourceMethodInvocationHandlerFactory$1.invoke(ResourceMethodInvocationHandlerFactory.java:81) ~[jersey-server-2.23.2.jar:?]
	at org.glassfish.jersey.server.model.internal.AbstractJavaResourceMethodDispatcher$1.run(AbstractJavaResourceMethodDispatcher.java:144) ~[jersey-server-2.23.2.jar:?]
	at org.glassfish.jersey.server.model.internal.AbstractJavaResourceMethodDispatcher.invoke(AbstractJavaResourceMethodDispatcher.java:161) ~[jersey-server-2.23.2.jar:?]
	at org.glassfish.jersey.server.model.internal.JavaResourceMethodDispatcherProvider$ResponseOutInvoker.doDispatch(JavaResourceMethodDispatcherProvider.java:160) ~[jersey-server-2.23.2.jar:?]
	at org.glassfish.jersey.server.model.internal.AbstractJavaResourceMethodDispatcher.dispatch(AbstractJavaResourceMethodDispatcher.java:99) ~[jersey-server-2.23.2.jar:?]
	at org.glassfish.jersey.server.model.ResourceMethodInvoker.invoke(ResourceMethodInvoker.java:389) ~[jersey-server-2.23.2.jar:?]
	at org.glassfish.jersey.server.model.ResourceMethodInvoker.apply(ResourceMethodInvoker.java:347) ~[jersey-server-2.23.2.jar:?]
	at org.glassfish.jersey.server.model.ResourceMethodInvoker.apply(ResourceMethodInvoker.java:102) ~[jersey-server-2.23.2.jar:?]
	at org.glassfish.jersey.server.ServerRuntime$2.run(ServerRuntime.java:326) [jersey-server-2.23.2.jar:?]
	at org.glassfish.jersey.internal.Errors$1.call(Errors.java:271) [jersey-common-2.23.2.jar:?]
	at org.glassfish.jersey.internal.Errors$1.call(Errors.java:267) [jersey-common-2.23.2.jar:?]
	at org.glassfish.jersey.internal.Errors.process(Errors.java:315) [jersey-common-2.23.2.jar:?]
	at org.glassfish.jersey.internal.Errors.process(Errors.java:297) [jersey-common-2.23.2.jar:?]
	at org.glassfish.jersey.internal.Errors.process(Errors.java:267) [jersey-common-2.23.2.jar:?]
	at org.glassfish.jersey.process.internal.RequestScope.runInScope(RequestScope.java:317) [jersey-common-2.23.2.jar:?]
	at org.glassfish.jersey.server.ServerRuntime.process(ServerRuntime.java:305) [jersey-server-2.23.2.jar:?]
	at org.glassfish.jersey.server.ApplicationHandler.handle(ApplicationHandler.java:1154) [jersey-server-2.23.2.jar:?]
	at org.glassfish.jersey.grizzly2.httpserver.GrizzlyHttpContainer.service(GrizzlyHttpContainer.java:384) [jersey-container-grizzly2-http-2.23.2.jar:?]
	at org.glassfish.grizzly.http.server.HttpHandler$1.run(HttpHandler.java:224) [grizzly-http-server-2.3.23.jar:2.3.23]
	at org.glassfish.grizzly.threadpool.AbstractThreadPool$Worker.doWork(AbstractThreadPool.java:591) [grizzly-framework-2.3.23.jar:2.3.23]
	at org.glassfish.grizzly.threadpool.AbstractThreadPool$Worker.run(AbstractThreadPool.java:571) [grizzly-framework-2.3.23.jar:2.3.23]
	at java.lang.Thread.run(Thread.java:745) [?:1.8.0_102]
00:28:16.747 ERROR - Provided id of the wrong type for class com.metall_a.orders_manager.app.model.entity.order.Order. Expected: class java.lang.Long, got class java.lang.Integer
org.hibernate.TypeMismatchException: Provided id of the wrong type for class com.metall_a.orders_manager.app.model.entity.order.Order. Expected: class java.lang.Long, got class java.lang.Integer
	at org.hibernate.event.internal.DefaultLoadEventListener.checkIdClass(DefaultLoadEventListener.java:166) ~[hibernate-core-5.2.2.Final.jar:5.2.2.Final]
	at org.hibernate.event.internal.DefaultLoadEventListener.onLoad(DefaultLoadEventListener.java:86) ~[hibernate-core-5.2.2.Final.jar:5.2.2.Final]
	at org.hibernate.internal.SessionImpl.fireLoad(SessionImpl.java:1218) ~[hibernate-core-5.2.2.Final.jar:5.2.2.Final]
	at org.hibernate.internal.SessionImpl.access$1900(SessionImpl.java:203) ~[hibernate-core-5.2.2.Final.jar:5.2.2.Final]
	at org.hibernate.internal.SessionImpl$IdentifierLoadAccessImpl.doLoad(SessionImpl.java:2765) ~[hibernate-core-5.2.2.Final.jar:5.2.2.Final]
	at org.hibernate.internal.SessionImpl$IdentifierLoadAccessImpl.load(SessionImpl.java:2739) ~[hibernate-core-5.2.2.Final.jar:5.2.2.Final]
	at org.hibernate.internal.SessionImpl.get(SessionImpl.java:1054) ~[hibernate-core-5.2.2.Final.jar:5.2.2.Final]
	at com.metall_a.orders_manager.app.persistence.repository.hibernate.HibernateOrderRepository.findById(HibernateOrderRepository.java:33) ~[main/:?]
	at com.metall_a.orders_manager.app.service.impl.OrderServiceImpl.findOrderById(OrderServiceImpl.java:31) ~[main/:?]
	at com.metall_a.orders_manager.app.rest.service.OrderResource.findCityById(OrderResource.java:89) ~[main/:?]
	at sun.reflect.NativeMethodAccessorImpl.invoke0(Native Method) ~[?:1.8.0_102]
	at sun.reflect.NativeMethodAccessorImpl.invoke(NativeMethodAccessorImpl.java:62) ~[?:1.8.0_102]
	at sun.reflect.DelegatingMethodAccessorImpl.invoke(DelegatingMethodAccessorImpl.java:43) ~[?:1.8.0_102]
	at java.lang.reflect.Method.invoke(Method.java:498) ~[?:1.8.0_102]
	at org.glassfish.jersey.server.model.internal.ResourceMethodInvocationHandlerFactory$1.invoke(ResourceMethodInvocationHandlerFactory.java:81) ~[jersey-server-2.23.2.jar:?]
	at org.glassfish.jersey.server.model.internal.AbstractJavaResourceMethodDispatcher$1.run(AbstractJavaResourceMethodDispatcher.java:144) ~[jersey-server-2.23.2.jar:?]
	at org.glassfish.jersey.server.model.internal.AbstractJavaResourceMethodDispatcher.invoke(AbstractJavaResourceMethodDispatcher.java:161) ~[jersey-server-2.23.2.jar:?]
	at org.glassfish.jersey.server.model.internal.JavaResourceMethodDispatcherProvider$ResponseOutInvoker.doDispatch(JavaResourceMethodDispatcherProvider.java:160) ~[jersey-server-2.23.2.jar:?]
	at org.glassfish.jersey.server.model.internal.AbstractJavaResourceMethodDispatcher.dispatch(AbstractJavaResourceMethodDispatcher.java:99) ~[jersey-server-2.23.2.jar:?]
	at org.glassfish.jersey.server.model.ResourceMethodInvoker.invoke(ResourceMethodInvoker.java:389) ~[jersey-server-2.23.2.jar:?]
	at org.glassfish.jersey.server.model.ResourceMethodInvoker.apply(ResourceMethodInvoker.java:347) ~[jersey-server-2.23.2.jar:?]
	at org.glassfish.jersey.server.model.ResourceMethodInvoker.apply(ResourceMethodInvoker.java:102) ~[jersey-server-2.23.2.jar:?]
	at org.glassfish.jersey.server.ServerRuntime$2.run(ServerRuntime.java:326) [jersey-server-2.23.2.jar:?]
	at org.glassfish.jersey.internal.Errors$1.call(Errors.java:271) [jersey-common-2.23.2.jar:?]
	at org.glassfish.jersey.internal.Errors$1.call(Errors.java:267) [jersey-common-2.23.2.jar:?]
	at org.glassfish.jersey.internal.Errors.process(Errors.java:315) [jersey-common-2.23.2.jar:?]
	at org.glassfish.jersey.internal.Errors.process(Errors.java:297) [jersey-common-2.23.2.jar:?]
	at org.glassfish.jersey.internal.Errors.process(Errors.java:267) [jersey-common-2.23.2.jar:?]
	at org.glassfish.jersey.process.internal.RequestScope.runInScope(RequestScope.java:317) [jersey-common-2.23.2.jar:?]
	at org.glassfish.jersey.server.ServerRuntime.process(ServerRuntime.java:305) [jersey-server-2.23.2.jar:?]
	at org.glassfish.jersey.server.ApplicationHandler.handle(ApplicationHandler.java:1154) [jersey-server-2.23.2.jar:?]
	at org.glassfish.jersey.grizzly2.httpserver.GrizzlyHttpContainer.service(GrizzlyHttpContainer.java:384) [jersey-container-grizzly2-http-2.23.2.jar:?]
	at org.glassfish.grizzly.http.server.HttpHandler$1.run(HttpHandler.java:224) [grizzly-http-server-2.3.23.jar:2.3.23]
	at org.glassfish.grizzly.threadpool.AbstractThreadPool$Worker.doWork(AbstractThreadPool.java:591) [grizzly-framework-2.3.23.jar:2.3.23]
	at org.glassfish.grizzly.threadpool.AbstractThreadPool$Worker.run(AbstractThreadPool.java:571) [grizzly-framework-2.3.23.jar:2.3.23]
	at java.lang.Thread.run(Thread.java:745) [?:1.8.0_102]
00:28:29.935 ERROR - Provided id of the wrong type for class com.metall_a.orders_manager.app.model.entity.order.Order. Expected: class java.lang.Long, got class java.lang.Integer
org.hibernate.TypeMismatchException: Provided id of the wrong type for class com.metall_a.orders_manager.app.model.entity.order.Order. Expected: class java.lang.Long, got class java.lang.Integer
	at org.hibernate.event.internal.DefaultLoadEventListener.checkIdClass(DefaultLoadEventListener.java:166) ~[hibernate-core-5.2.2.Final.jar:5.2.2.Final]
	at org.hibernate.event.internal.DefaultLoadEventListener.onLoad(DefaultLoadEventListener.java:86) ~[hibernate-core-5.2.2.Final.jar:5.2.2.Final]
	at org.hibernate.internal.SessionImpl.fireLoad(SessionImpl.java:1218) ~[hibernate-core-5.2.2.Final.jar:5.2.2.Final]
	at org.hibernate.internal.SessionImpl.access$1900(SessionImpl.java:203) ~[hibernate-core-5.2.2.Final.jar:5.2.2.Final]
	at org.hibernate.internal.SessionImpl$IdentifierLoadAccessImpl.doLoad(SessionImpl.java:2765) ~[hibernate-core-5.2.2.Final.jar:5.2.2.Final]
	at org.hibernate.internal.SessionImpl$IdentifierLoadAccessImpl.load(SessionImpl.java:2739) ~[hibernate-core-5.2.2.Final.jar:5.2.2.Final]
	at org.hibernate.internal.SessionImpl.get(SessionImpl.java:1054) ~[hibernate-core-5.2.2.Final.jar:5.2.2.Final]
	at com.metall_a.orders_manager.app.persistence.repository.hibernate.HibernateOrderRepository.findById(HibernateOrderRepository.java:33) ~[main/:?]
	at com.metall_a.orders_manager.app.service.impl.OrderServiceImpl.findOrderById(OrderServiceImpl.java:31) ~[main/:?]
	at com.metall_a.orders_manager.app.rest.service.OrderResource.findCityById(OrderResource.java:89) ~[main/:?]
	at sun.reflect.NativeMethodAccessorImpl.invoke0(Native Method) ~[?:1.8.0_102]
	at sun.reflect.NativeMethodAccessorImpl.invoke(NativeMethodAccessorImpl.java:62) ~[?:1.8.0_102]
	at sun.reflect.DelegatingMethodAccessorImpl.invoke(DelegatingMethodAccessorImpl.java:43) ~[?:1.8.0_102]
	at java.lang.reflect.Method.invoke(Method.java:498) ~[?:1.8.0_102]
	at org.glassfish.jersey.server.model.internal.ResourceMethodInvocationHandlerFactory$1.invoke(ResourceMethodInvocationHandlerFactory.java:81) ~[jersey-server-2.23.2.jar:?]
	at org.glassfish.jersey.server.model.internal.AbstractJavaResourceMethodDispatcher$1.run(AbstractJavaResourceMethodDispatcher.java:144) ~[jersey-server-2.23.2.jar:?]
	at org.glassfish.jersey.server.model.internal.AbstractJavaResourceMethodDispatcher.invoke(AbstractJavaResourceMethodDispatcher.java:161) ~[jersey-server-2.23.2.jar:?]
	at org.glassfish.jersey.server.model.internal.JavaResourceMethodDispatcherProvider$ResponseOutInvoker.doDispatch(JavaResourceMethodDispatcherProvider.java:160) ~[jersey-server-2.23.2.jar:?]
	at org.glassfish.jersey.server.model.internal.AbstractJavaResourceMethodDispatcher.dispatch(AbstractJavaResourceMethodDispatcher.java:99) ~[jersey-server-2.23.2.jar:?]
	at org.glassfish.jersey.server.model.ResourceMethodInvoker.invoke(ResourceMethodInvoker.java:389) ~[jersey-server-2.23.2.jar:?]
	at org.glassfish.jersey.server.model.ResourceMethodInvoker.apply(ResourceMethodInvoker.java:347) ~[jersey-server-2.23.2.jar:?]
	at org.glassfish.jersey.server.model.ResourceMethodInvoker.apply(ResourceMethodInvoker.java:102) ~[jersey-server-2.23.2.jar:?]
	at org.glassfish.jersey.server.ServerRuntime$2.run(ServerRuntime.java:326) [jersey-server-2.23.2.jar:?]
	at org.glassfish.jersey.internal.Errors$1.call(Errors.java:271) [jersey-common-2.23.2.jar:?]
	at org.glassfish.jersey.internal.Errors$1.call(Errors.java:267) [jersey-common-2.23.2.jar:?]
	at org.glassfish.jersey.internal.Errors.process(Errors.java:315) [jersey-common-2.23.2.jar:?]
	at org.glassfish.jersey.internal.Errors.process(Errors.java:297) [jersey-common-2.23.2.jar:?]
	at org.glassfish.jersey.internal.Errors.process(Errors.java:267) [jersey-common-2.23.2.jar:?]
	at org.glassfish.jersey.process.internal.RequestScope.runInScope(RequestScope.java:317) [jersey-common-2.23.2.jar:?]
	at org.glassfish.jersey.server.ServerRuntime.process(ServerRuntime.java:305) [jersey-server-2.23.2.jar:?]
	at org.glassfish.jersey.server.ApplicationHandler.handle(ApplicationHandler.java:1154) [jersey-server-2.23.2.jar:?]
	at org.glassfish.jersey.grizzly2.httpserver.GrizzlyHttpContainer.service(GrizzlyHttpContainer.java:384) [jersey-container-grizzly2-http-2.23.2.jar:?]
	at org.glassfish.grizzly.http.server.HttpHandler$1.run(HttpHandler.java:224) [grizzly-http-server-2.3.23.jar:2.3.23]
	at org.glassfish.grizzly.threadpool.AbstractThreadPool$Worker.doWork(AbstractThreadPool.java:591) [grizzly-framework-2.3.23.jar:2.3.23]
	at org.glassfish.grizzly.threadpool.AbstractThreadPool$Worker.run(AbstractThreadPool.java:571) [grizzly-framework-2.3.23.jar:2.3.23]
	at java.lang.Thread.run(Thread.java:745) [?:1.8.0_102]
